<?xml version="1.0" encoding="UTF-8" ?>
<testsuites disabled="0" errors="0" failures="0" tests="3" time="17.458">
 <testsuite name="Calculator Tests" timestamp="2020-02-18T13:24:46" hostname="localhost" time="17.458" errors="0" tests="3" skipped="0" disabled="0" failures="0">
  <testcase classname="Calculator Tests" name="addition test1" time="5.865" />
  <testcase classname="Calculator Tests" name="multiplication test2" time="6.063" />
  <testcase classname="Calculator Tests" name="addition test3" time="5.528" />
 </testsuite>
</testsuites>