<?xml version="1.0" encoding="UTF-8" ?>
<testsuites disabled="0" errors="0" failures="0" tests="3" time="17.366">
 <testsuite name="Calculator Tests" timestamp="2020-02-24T12:36:22" hostname="localhost" time="17.366" errors="0" tests="3" skipped="0" disabled="0" failures="0">
  <testcase classname="Calculator Tests" name="addition test1" time="5.699" />
  <testcase classname="Calculator Tests" name="multiplication test2" time="5.68" />
  <testcase classname="Calculator Tests" name="addition test3" time="5.984" />
 </testsuite>
</testsuites>